<?xml version="1.0" encoding="UTF-8"?>
<!-- Generated by org.testng.reporters.JUnitReportReporter -->
<testsuite hostname="DESKTOP-V5VMT0A" failures="0" tests="3" name="TestMethods.DashboardMethods" time="7.987" errors="0" timestamp="2022-08-08T13:35:59 IST" skipped="0">
  <testcase classname="TestMethods.DashboardMethods" name="searchSharesTest" time="6.866"/>
  <system-out/>
  <testcase classname="TestMethods.DashboardMethods" name="validateBuyShare" time="0.585"/>
  <system-out/>
  <testcase classname="TestMethods.DashboardMethods" name="validateshare" time="0.536"/>
  <system-out/>
</testsuite> <!-- TestMethods.DashboardMethods -->
