<?xml version="1.0" encoding="UTF-8"?>
<!-- Generated by org.testng.reporters.JUnitReportReporter -->
<testsuite hostname="DESKTOP-V5VMT0A" failures="0" tests="2" name="TestMethods.TestNgMethods" time="1.198" errors="0" timestamp="2022-08-08T13:35:59 IST" skipped="0">
  <testcase classname="TestMethods.TestNgMethods" name="validateLogin" time="1.177"/>
  <system-out/>
  <testcase classname="TestMethods.TestNgMethods" name="validateTitle" time="0.021"/>
  <system-out/>
</testsuite> <!-- TestMethods.TestNgMethods -->
